<?xml version="1.0" encoding="UTF-8"?>
<!-- Generated by org.testng.reporters.JUnitReportReporter -->
<testsuite hostname="harish" failures="0" tests="1" name="Modules.ApplyLeave" time="1.525" errors="0" timestamp="2023-10-07T06:25:23 IST" skipped="0">
  <testcase classname="Modules.ApplyLeave" name="applyleavemodule" time="1.525"/>
</testsuite> <!-- Modules.ApplyLeave -->
